\BOOKMARK [1][-]{section.1}{Question 1}{}% 1
\BOOKMARK [2][-]{subsection.1.1}{Code}{section.1}% 2
\BOOKMARK [3][-]{subsubsection.1.1.1}{Forward Difference Derivative}{subsection.1.1}% 3
\BOOKMARK [3][-]{subsubsection.1.1.2}{Center Difference Derivative}{subsection.1.1}% 4
\BOOKMARK [3][-]{subsubsection.1.1.3}{Extrapolated Difference Derivative}{subsection.1.1}% 5
\BOOKMARK [2][-]{subsection.1.2}{Printing out derivative and relative error}{section.1}% 6
\BOOKMARK [2][-]{subsection.1.3}{Log-Log plot of \040vs h}{section.1}% 7
\BOOKMARK [2][-]{subsection.1.4}{Truncation and Roundoff error}{section.1}% 8
\BOOKMARK [1][-]{section.2}{Question 2}{}% 9
\BOOKMARK [2][-]{subsection.2.1}{Code}{section.2}% 10
\BOOKMARK [3][-]{subsubsection.2.1.1}{Trapezoid Rule Integration}{subsection.2.1}% 11
\BOOKMARK [3][-]{subsubsection.2.1.2}{Simpson Rule integration}{subsection.2.1}% 12
\BOOKMARK [3][-]{subsubsection.2.1.3}{Gauss-Legendre Quadrature}{subsection.2.1}% 13
\BOOKMARK [2][-]{subsection.2.2}{Graphs}{section.2}% 14
\BOOKMARK [2][-]{subsection.2.3}{Graph Explanation}{section.2}% 15
\BOOKMARK [1][-]{section.3}{Question 3}{}% 16
\BOOKMARK [2][-]{subsection.3.1}{Code}{section.3}% 17
\BOOKMARK [2][-]{subsection.3.2}{Plots}{section.3}% 18
\BOOKMARK [2][-]{subsection.3.3}{Plot Explanations}{section.3}% 19
\BOOKMARK [3][-]{subsubsection.3.3.1}{n2}{subsection.3.3}% 20
\BOOKMARK [3][-]{subsubsection.3.3.2}{s3}{subsection.3.3}% 21
\BOOKMARK [3][-]{subsubsection.3.3.3}{s4}{subsection.3.3}% 22
\BOOKMARK [2][-]{subsection.3.4}{Mersenne Twister}{section.3}% 23
