cos 01
*** Calculating derivatives ***
Forward Step: 8.0 Error: 0.5507692
Center Step: 8.0 Error: 1.1892004
Extrap Step: 8.0 Error: 0.33073503
Forward Step: 4.0 Error: 2.931119
Center Step: 4.0 Error: 0.54535145
Extrap Step: 4.0 Error: 0.02958786
Forward Step: 2.0 Error: 6.511764
Center Step: 2.0 Error: 0.15852879
Extrap Step: 2.0 Error: 0.0020227002
Forward Step: 1.0 Error: 4.4231143
Center Step: 1.0 Error: 0.041149184
Extrap Step: 1.0 Error: 0.00012925938
Forward Step: 0.5 Error: 2.399033
Center Step: 0.5 Error: 0.01038426
Extrap Step: 0.5 Error: 8.5078345e-6
Forward Step: 0.25 Error: 1.2289714
Center Step: 0.25 Error: 0.002602427
Extrap Step: 0.25 Error: 2.2389038e-6
Forward Step: 0.125 Error: 0.61950475
Center Step: 0.125 Error: 0.0006489089
Extrap Step: 0.125 Error: 6.716711e-7
Forward Step: 0.0625 Error: 0.31071034
Center Step: 0.0625 Error: 0.00016172348
Extrap Step: 0.0625 Error: 1.6567887e-5
Forward Step: 0.03125 Error: 0.15556568
Center Step: 0.03125 Error: 2.7986296e-5
Extrap Step: 0.03125 Error: 2.2986078e-5
Forward Step: 0.015625 Error: 0.07784526
Center Step: 0.015625 Error: 1.0224327e-5
Extrap Step: 0.015625 Error: 4.0748047e-5
Forward Step: 0.0078125 Error: 0.03894685
Center Step: 0.0078125 Error: 2.7986296e-5
Extrap Step: 0.0078125 Error: 0.00012985642
Forward Step: 0.00390625 Error: 0.019459432
Center Step: 0.00390625 Error: 0.00010440754
Extrap Step: 0.00390625 Error: 0.00030314756
Forward Step: 0.001953125 Error: 0.009677512
Center Step: 0.001953125 Error: 0.00020127745
Extrap Step: 0.001953125 Error: 0.00020127745
Forward Step: 0.0009765625 Error: 0.005092237
Center Step: 0.0009765625 Error: 0.00020127745
Extrap Step: 0.0009765625 Error: 0.00020127745
Forward Step: 0.00048828125 Error: 0.0026467573
Center Step: 0.00048828125 Error: 0.00020127745
Extrap Step: 0.00048828125 Error: 0.00020127745
Forward Step: 0.00024414062 Error: 0.0026467573
Center Step: 0.00024414062 Error: 0.00020127745
Extrap Step: 0.00024414062 Error: 0.0030593872
Forward Step: 0.00012207031 Error: 0.0026467573
Center Step: 0.00012207031 Error: 0.0022442024
Extrap Step: 0.00012207031 Error: 0.0022442024
Forward Step: 6.1035156e-5 Error: 0.0022442024
Center Step: 6.1035156e-5 Error: 0.0022442024
Extrap Step: 6.1035156e-5 Error: 0.0022442024
Forward Step: 3.0517578e-5 Error: 0.0022442024
Center Step: 3.0517578e-5 Error: 0.0022442024
Extrap Step: 3.0517578e-5 Error: 0.023840891
Forward Step: 1.5258789e-5 Error: 0.017319636
Center Step: 1.5258789e-5 Error: 0.017319636
Extrap Step: 1.5258789e-5 Error: 0.017319636
Forward Step: 7.6293945e-6 Error: 0.017319636
Center Step: 7.6293945e-6 Error: 0.017319636
Extrap Step: 7.6293945e-6 Error: 0.087020814
Forward Step: 3.8146973e-6 Error: 0.09557499
Center Step: 3.8146973e-6 Error: 0.06093572
Extrap Step: 3.8146973e-6 Error: 0.06093572
Forward Step: 1.9073486e-6 Error: 0.06093572
Center Step: 1.9073486e-6 Error: 0.06093572
Extrap Step: 1.9073486e-6 Error: 0.35642624
Forward Step: 9.536743e-7 Error: 0.25208572
Center Step: 9.536743e-7 Error: 0.25208572
Extrap Step: 9.536743e-7 Error: 0.25208572
Forward Step: 4.7683716e-7 Error: 0.25208572
Center Step: 4.7683716e-7 Error: 0.25208572
Extrap Step: 4.7683716e-7 Error: 1.4173619
Forward Step: 2.3841858e-7 Error: 1.5041714
Center Step: 2.3841858e-7 Error: 1.0
Extrap Step: 2.3841858e-7 Error: 1.0
Forward Step: 1.1920929e-7 Error: 1.0
Center Step: 1.1920929e-7 Error: 1.0
Extrap Step: 1.1920929e-7 Error: 1.0
*** Plotting ***
***Truncation Error slopes***
Forward: 0.8826095
Center: 1.7098624
Extrap: 3.8116312
***Roundoff Error slopes***
Forward: -0.994048
Center: -1.009142
Extrap: -1.009142
cos 10
*** Calculating derivatives ***
Forward Step: 8.0 Error: 0.65548486
Center Step: 8.0 Error: 1.1892006
Extrap Step: 8.0 Error: 0.33073485
Forward Step: 4.0 Error: 0.5515759
Center Step: 4.0 Error: 0.54535127
Extrap Step: 4.0 Error: 0.029588284
Forward Step: 2.0 Error: 0.54674643
Center Step: 2.0 Error: 0.15852904
Extrap Step: 2.0 Error: 0.0020222063
Forward Step: 1.0 Error: 0.55048615
Center Step: 1.0 Error: 0.041148946
Extrap Step: 1.0 Error: 0.00012928447
Forward Step: 0.5 Error: 0.33647224
Center Step: 0.5 Error: 0.010384172
Extrap Step: 0.5 Error: 7.778981e-6
Forward Step: 0.25 Error: 0.18140759
Center Step: 0.25 Error: 0.0026019046
Extrap Step: 0.25 Error: 1.095631e-7
Forward Step: 0.125 Error: 0.093669444
Center Step: 0.125 Error: 0.0006503666
Extrap Step: 0.125 Error: 1.7530097e-6
Forward Step: 0.0625 Error: 0.04753198
Center Step: 0.0625 Error: 0.00016390641
Extrap Step: 0.0625 Error: 3.286893e-7
Forward Step: 0.03125 Error: 0.023932965
Center Step: 0.03125 Error: 4.1195726e-5
Extrap Step: 0.03125 Error: 5.5877185e-6
Forward Step: 0.015625 Error: 0.0120054865
Center Step: 0.015625 Error: 6.135534e-6
Extrap Step: 0.015625 Error: 3.17733e-6
Forward Step: 0.0078125 Error: 0.006017206
Center Step: 0.0078125 Error: 8.765048e-7
Extrap Step: 0.0078125 Error: 8.765048e-7
Forward Step: 0.00390625 Error: 0.0030020291
Center Step: 0.00390625 Error: 8.765048e-7
Extrap Step: 0.00390625 Error: 3.8237526e-5
Forward Step: 0.001953125 Error: 0.0014874287
Center Step: 0.001953125 Error: 2.892466e-5
Extrap Step: 0.001953125 Error: 4.590694e-5
Forward Step: 0.0009765625 Error: 0.00075817667
Center Step: 0.0009765625 Error: 2.717165e-5
Extrap Step: 0.0009765625 Error: 0.00017672528
Forward Step: 0.00048828125 Error: 0.0003094062
Center Step: 0.00048828125 Error: 0.00013936427
Extrap Step: 0.00048828125 Error: 0.00013936427
Forward Step: 0.00024414062 Error: 0.00013936427
Center Step: 0.00024414062 Error: 0.00013936427
Extrap Step: 0.00024414062 Error: 0.00013936427
Forward Step: 0.00012207031 Error: 0.00013936427
Center Step: 0.00012207031 Error: 0.00013936427
Extrap Step: 0.00012207031 Error: 0.00013936427
Forward Step: 6.1035156e-5 Error: 0.00013936427
Center Step: 6.1035156e-5 Error: 0.00013936427
Extrap Step: 6.1035156e-5 Error: 0.0022540418
Forward Step: 3.0517578e-5 Error: 0.0019344462
Center Step: 3.0517578e-5 Error: 0.0016557176
Extrap Step: 3.0517578e-5 Error: 0.003131204
Forward Step: 1.5258789e-5 Error: 0.0019344462
Center Step: 1.5258789e-5 Error: 0.0019344462
Extrap Step: 1.5258789e-5 Error: 0.0076392875
Forward Step: 7.6293945e-6 Error: 0.009114774
Center Step: 7.6293945e-6 Error: 0.0052458816
Extrap Step: 7.6293945e-6 Error: 0.0052458816
Forward Step: 3.8146973e-6 Error: 0.0052458816
Center Step: 3.8146973e-6 Error: 0.0052458816
Extrap Step: 3.8146973e-6 Error: 0.033049162
Forward Step: 1.9073486e-6 Error: 0.023475429
Center Step: 1.9073486e-6 Error: 0.023475429
Extrap Step: 1.9073486e-6 Error: 1.3255081
Forward Step: 9.536743e-7 Error: 0.08091805
Center Step: 9.536743e-7 Error: 1.0
Extrap Step: 9.536743e-7 Error: 1.0
Forward Step: 4.7683716e-7 Error: 1.0
Center Step: 4.7683716e-7 Error: 1.0
Extrap Step: 4.7683716e-7 Error: 1.0
Forward Step: 2.3841858e-7 Error: 1.0
Center Step: 2.3841858e-7 Error: 1.0
Extrap Step: 2.3841858e-7 Error: 1.0
Forward Step: 1.1920929e-7 Error: 1.0
Center Step: 1.1920929e-7 Error: 1.0
Extrap Step: 1.1920929e-7 Error: 1.0
*** Plotting ***
***Truncation Error slopes***
Forward: 0.71021867
Center: 1.7098655
Extrap: 3.8439333
***Roundoff Error slopes***
Forward: -1.8936497
Center: -1.8936497
Extrap: -1.2298106
exp 01
*** Calculating derivatives ***
Forward Step: 8.0 Error: 371.49487
Center Step: 8.0 Error: 5.822479
Extrap Step: 8.0 Error: 0.85625285
Forward Step: 4.0 Error: 12.399535
Center Step: 4.0 Error: 0.81342995
Extrap Step: 4.0 Error: 0.037541773
Forward Step: 2.0 Error: 2.1945274
Center Step: 2.0 Error: 0.17520116
Extrap Step: 2.0 Error: 0.0021461903
Forward Step: 1.0 Error: 0.7182818
Center Step: 1.0 Error: 0.04219065
Extrap Step: 1.0 Error: 0.000131056
Forward Step: 0.5 Error: 0.29744256
Center Step: 0.5 Error: 0.010449316
Extrap Step: 0.5 Error: 8.413472e-6
Forward Step: 0.25 Error: 0.13610171
Center Step: 0.25 Error: 0.002606019
Extrap Step: 0.25 Error: 3.2359506e-7
Forward Step: 0.125 Error: 0.06518693
Center Step: 0.125 Error: 0.00065172045
Extrap Step: 0.125 Error: 6.471901e-7
Forward Step: 0.0625 Error: 0.031911004
Center Step: 0.0625 Error: 0.00016244472
Extrap Step: 0.0625 Error: 1.4022453e-6
Forward Step: 0.03125 Error: 0.015788203
Center Step: 0.03125 Error: 4.16359e-5
Extrap Step: 0.03125 Error: 4.853926e-6
Forward Step: 0.015625 Error: 0.0078493375
Center Step: 0.015625 Error: 1.4022453e-5
Extrap Step: 0.015625 Error: 4.853926e-6
Forward Step: 0.0078125 Error: 0.0039144214
Center Step: 0.0078125 Error: 7.1190916e-6
Extrap Step: 0.0078125 Error: 1.13258275e-5
Forward Step: 0.00390625 Error: 0.001953867
Center Step: 0.00390625 Error: 6.6876314e-6
Extrap Step: 0.00390625 Error: 6.6984176e-5
Forward Step: 0.001953125 Error: 0.0009321695
Center Step: 0.001953125 Error: 4.853926e-5
Extrap Step: 0.001953125 Error: 4.853926e-5
Forward Step: 0.0009765625 Error: 0.0004903544
Center Step: 0.0009765625 Error: 4.853926e-5
Extrap Step: 0.0009765625 Error: 4.853926e-5
Forward Step: 0.00048828125 Error: 0.0002694468
Center Step: 0.00048828125 Error: 4.853926e-5
Extrap Step: 0.00048828125 Error: 0.00024604012
Forward Step: 0.00024414062 Error: 0.00017236831
Center Step: 0.00024414062 Error: 0.00017236831
Extrap Step: 0.00024414062 Error: 0.00041668257
Forward Step: 0.00012207031 Error: 0.00061418343
Center Step: 0.00012207031 Error: 0.0002694468
Extrap Step: 0.00012207031 Error: 0.0002694468
Forward Step: 6.1035156e-5 Error: 0.0002694468
Center Step: 6.1035156e-5 Error: 0.0002694468
Extrap Step: 6.1035156e-5 Error: 0.0002694468
Forward Step: 3.0517578e-5 Error: 0.0002694468
Center Step: 3.0517578e-5 Error: 0.0002694468
Extrap Step: 3.0517578e-5 Error: 0.0044432837
Forward Step: 1.5258789e-5 Error: 0.0032650742
Center Step: 1.5258789e-5 Error: 0.0032650742
Extrap Step: 1.5258789e-5 Error: 0.0061602793
Forward Step: 7.6293945e-6 Error: 0.010334116
Center Step: 7.6293945e-6 Error: 0.0038039677
Extrap Step: 7.6293945e-6 Error: 0.015046847
Forward Step: 3.8146973e-6 Error: 0.010334116
Center Step: 3.8146973e-6 Error: 0.010334116
Extrap Step: 3.8146973e-6 Error: 0.048035637
Forward Step: 1.9073486e-6 Error: 0.038610283
Center Step: 1.9073486e-6 Error: 0.038610283
Extrap Step: 1.9073486e-6 Error: 0.036792867
Forward Step: 9.536743e-7 Error: 0.09516262
Center Step: 9.536743e-7 Error: 0.017942052
Extrap Step: 9.536743e-7 Error: 0.16874824
Forward Step: 4.7683716e-7 Error: 0.09516262
Center Step: 4.7683716e-7 Error: 0.13104673
Extrap Step: 4.7683716e-7 Error: 0.4326592
Forward Step: 2.3841858e-7 Error: 0.09516262
Center Step: 2.3841858e-7 Error: 0.35725605
Extrap Step: 2.3841858e-7 Error: 0.24596886
Forward Step: 1.1920929e-7 Error: 0.09516262
Center Step: 1.1920929e-7 Error: 0.09516262
Extrap Step: 1.1920929e-7 Error: 1.1112871
*** Plotting ***
***Truncation Error slopes***
Forward: 1.2719389
Center: 2.2805202
Extrap: 4.1587443
***Roundoff Error slopes***
Forward: -0.800745
Center: -1.2778679
Extrap: -0.5890747
exp 10
*** Calculating derivatives ***
Forward Step: 8.0 Error: 371.49475
Center Step: 8.0 Error: 5.8224797
Extrap Step: 8.0 Error: 0.85625273
Forward Step: 4.0 Error: 12.399537
Center Step: 4.0 Error: 0.8134304
Extrap Step: 4.0 Error: 0.03754193
Forward Step: 2.0 Error: 2.1945283
Center Step: 2.0 Error: 0.17520118
Extrap Step: 2.0 Error: 0.0021461223
Forward Step: 1.0 Error: 0.7182819
Center Step: 1.0 Error: 0.042190723
Extrap Step: 1.0 Error: 0.00013105683
Forward Step: 0.5 Error: 0.2974428
Center Step: 0.5 Error: 0.010449433
Extrap Step: 0.5 Error: 7.891785e-6
Forward Step: 0.25 Error: 0.13610208
Center Step: 0.25 Error: 0.0026064173
Extrap Step: 0.25 Error: 2.6601523e-7
Forward Step: 0.125 Error: 0.065188095
Center Step: 0.125 Error: 0.0006513826
Extrap Step: 0.125 Error: 1.2414043e-6
Forward Step: 0.0625 Error: 0.031912073
Center Step: 0.0625 Error: 0.0001619146
Extrap Step: 0.0625 Error: 1.1527327e-6
Forward Step: 0.03125 Error: 0.015789423
Center Step: 0.03125 Error: 4.1321033e-5
Extrap Step: 0.03125 Error: 3.4581979e-6
Forward Step: 0.015625 Error: 0.007855784
Center Step: 0.015625 Error: 1.2946074e-5
Extrap Step: 0.015625 Error: 2.2167935e-6
Forward Step: 0.0078125 Error: 0.00392869
Center Step: 0.0078125 Error: 1.5960914e-6
Extrap Step: 0.0078125 Error: 2.8640972e-5
Forward Step: 0.00390625 Error: 0.001976493
Center Step: 0.00390625 Error: 2.1103875e-5
Extrap Step: 0.00390625 Error: 3.9458926e-5
Forward Step: 0.001953125 Error: 0.0009776946
Center Step: 0.001953125 Error: 2.4296058e-5
Extrap Step: 0.001953125 Error: 3.626674e-5
Forward Step: 0.0009765625 Error: 0.0005236953
Center Step: 0.0009765625 Error: 2.1103875e-5
Extrap Step: 0.0009765625 Error: 0.00014214081
Forward Step: 0.00048828125 Error: 0.0002512957
Center Step: 0.00048828125 Error: 0.00011190374
Extrap Step: 0.00048828125 Error: 0.00011190374
Forward Step: 0.00024414062 Error: 0.0002512957
Center Step: 0.00024414062 Error: 0.00011190374
Extrap Step: 0.00024414062 Error: 0.00037233264
Forward Step: 0.00012207031 Error: 0.0002512957
Center Step: 0.00012207031 Error: 0.0002512957
Extrap Step: 0.00012207031 Error: 0.0012198571
Forward Step: 6.1035156e-5 Error: 0.0009776946
Center Step: 6.1035156e-5 Error: 0.0009776946
Extrap Step: 6.1035156e-5 Error: 0.00095933955
Forward Step: 3.0517578e-5 Error: 0.0024304925
Center Step: 3.0517578e-5 Error: 0.00047510318
Extrap Step: 3.0517578e-5 Error: 0.00047510318
Forward Step: 1.5258789e-5 Error: 0.00047510318
Center Step: 1.5258789e-5 Error: 0.00047510318
Extrap Step: 1.5258789e-5 Error: 0.00047510318
Forward Step: 7.6293945e-6 Error: 0.00047510318
Center Step: 7.6293945e-6 Error: 0.00047510318
Extrap Step: 7.6293945e-6 Error: 0.00047510318
Forward Step: 3.8146973e-6 Error: 0.022769662
Center Step: 3.8146973e-6 Error: 0.00047510318
Extrap Step: 3.8146973e-6 Error: 0.031468093
Forward Step: 1.9073486e-6 Error: 0.022769662
Center Step: 1.9073486e-6 Error: 0.023719868
Extrap Step: 1.9073486e-6 Error: 1.3254267
Forward Step: 9.536743e-7 Error: 0.022769662
Center Step: 9.536743e-7 Error: 1.0
Extrap Step: 9.536743e-7 Error: 1.0
Forward Step: 4.7683716e-7 Error: 1.0
Center Step: 4.7683716e-7 Error: 1.0
Extrap Step: 4.7683716e-7 Error: 1.0
Forward Step: 2.3841858e-7 Error: 1.0
Center Step: 2.3841858e-7 Error: 1.0
Extrap Step: 2.3841858e-7 Error: 1.0
Forward Step: 1.1920929e-7 Error: 1.0
Center Step: 1.1920929e-7 Error: 1.0
Extrap Step: 1.1920929e-7 Error: 1.0
*** Plotting ***
***Truncation Error slopes***
Forward: 1.271938
Center: 2.2805164
Extrap: 4.1818314
***Roundoff Error slopes***
Forward: -1.3641858
Center: -2.759868
Extrap: -1.2474916
